# JRE version: Java(TM) SE Runtime Environment (11.0.4+10) (build 11.0.4+10-LTS)
# Java VM: Java HotSpot(TM) 64-Bit Server VM (11.0.4+10-LTS, mixed mode, tiered, compressed oops, g1 gc, windows-amd64)
Heap:
 garbage-first heap   total 315392K, used 143301K [0x0000000700c00000, 0x0000000800000000)
  region size 1024K, 134 young (137216K), 8 survivors (8192K)
 Metaspace       used 53820K, capacity 54863K, committed 54992K, reserved 1097728K
  class space    used 6696K, capacity 7106K, committed 7164K, reserved 1048576K
GC Heap History (10 events):
Event: 0.588 GC heap before
{Heap before GC invocations=0 (full 0):
 garbage-first heap   total 262144K, used 24576K [0x0000000700c00000, 0x0000000800000000)
  region size 1024K, 24 young (24576K), 0 survivors (0K)
 Metaspace       used 12572K, capacity 12811K, committed 12928K, reserved 1060864K
  class space    used 1242K, capacity 1316K, committed 1408K, reserved 1048576K
}
Event: 0.592 GC heap after
{Heap after GC invocations=1 (full 0):
 garbage-first heap   total 262144K, used 6693K [0x0000000700c00000, 0x0000000800000000)
  region size 1024K, 3 young (3072K), 3 survivors (3072K)
 Metaspace       used 12572K, capacity 12811K, committed 12928K, reserved 1060864K
  class space    used 1242K, capacity 1316K, committed 1408K, reserved 1048576K
}
Event: 0.953 GC heap before
{Heap before GC invocations=1 (full 0):
 garbage-first heap   total 262144K, used 51749K [0x0000000700c00000, 0x0000000800000000)
  region size 1024K, 48 young (49152K), 3 survivors (3072K)
 Metaspace       used 20788K, capacity 21205K, committed 21248K, reserved 1069056K
  class space    used 2385K, capacity 2545K, committed 2560K, reserved 1048576K
}
Event: 0.961 GC heap after
{Heap after GC invocations=2 (full 0):
 garbage-first heap   total 262144K, used 8741K [0x0000000700c00000, 0x0000000800000000)
  region size 1024K, 5 young (5120K), 5 survivors (5120K)
 Metaspace       used 20788K, capacity 21205K, committed 21248K, reserved 1069056K
  class space    used 2385K, capacity 2545K, committed 2560K, reserved 1048576K
}
Event: 1.239 GC heap before
{Heap before GC invocations=3 (full 0):
 garbage-first heap   total 262144K, used 65061K [0x0000000700c00000, 0x0000000800000000)
  region size 1024K, 61 young (62464K), 5 survivors (5120K)
 Metaspace       used 26202K, capacity 26724K, committed 26876K, reserved 1073152K
  class space    used 3037K, capacity 3237K, committed 3324K, reserved 1048576K
}
Event: 1.245 GC heap after
{Heap after GC invocations=4 (full 0):
 garbage-first heap   total 262144K, used 10171K [0x0000000700c00000, 0x0000000800000000)
  region size 1024K, 4 young (4096K), 4 survivors (4096K)
 Metaspace       used 26202K, capacity 26724K, committed 26876K, reserved 1073152K
  class space    used 3037K, capacity 3237K, committed 3324K, reserved 1048576K
}
Event: 2.174 GC heap before
{Heap before GC invocations=4 (full 0):
 garbage-first heap   total 262144K, used 86971K [0x0000000700c00000, 0x0000000800000000)
  region size 1024K, 80 young (81920K), 4 survivors (4096K)
 Metaspace       used 33421K, capacity 34179K, committed 34300K, reserved 1079296K
  class space    used 3969K, capacity 4270K, committed 4348K, reserved 1048576K
}
Event: 2.179 GC heap after
{Heap after GC invocations=5 (full 0):
 garbage-first heap   total 262144K, used 13133K [0x0000000700c00000, 0x0000000800000000)
  region size 1024K, 7 young (7168K), 7 survivors (7168K)
 Metaspace       used 33421K, capacity 34179K, committed 34300K, reserved 1079296K
  class space    used 3969K, capacity 4270K, committed 4348K, reserved 1048576K
}
Event: 2.368 GC heap before
{Heap before GC invocations=5 (full 0):
 garbage-first heap   total 262144K, used 23373K [0x0000000700c00000, 0x0000000800000000)
  region size 1024K, 18 young (18432K), 7 survivors (7168K)
 Metaspace       used 34979K, capacity 35804K, committed 36048K, reserved 1081344K
  class space    used 4204K, capacity 4557K, committed 4604K, reserved 1048576K
}
Event: 2.381 GC heap after
{Heap after GC invocations=6 (full 0):
 garbage-first heap   total 315392K, used 14277K [0x0000000700c00000, 0x0000000800000000)
  region size 1024K, 8 young (8192K), 8 survivors (8192K)
 Metaspace       used 34979K, capacity 35804K, committed 36048K, reserved 1081344K
  class space    used 4204K, capacity 4557K, committed 4604K, reserved 1048576K
}

